Loading rhel8/default-amp
  Loading requirement: rhel8/slurm singularity/current rhel8/global cuda/11.4
    libpciaccess/0.16/gcc-9.4.0-6fonbj6 libiconv/1.16/gcc-9.4.0-ahebbov
    libxml2/2.9.12/gcc-9.4.0-gnknt5e ncurses/6.2/gcc-9.4.0-aiirok7
    hwloc/2.5.0/gcc-9.4.0-7sqomga libevent/2.1.12/gcc-9.4.0-hgny7cm
    numactl/2.0.14/gcc-9.4.0-52dwc6n cuda/11.4.0/gcc-9.4.0-3hnxhjt
    gdrcopy/2.2/gcc-9.4.0-e4igtfp knem/1.1.4/gcc-9.4.0-bpbxgva
    libnl/3.3.0/gcc-9.4.0-whwhrwb rdma-core/34.0/gcc-9.4.0-5eo5n2u
    ucx/1.11.1/gcc-9.4.0-lktqyl4 openmpi/4.1.1/gcc-9.4.0-epagguv
 
:: WARNING: setvars.sh has already been run. Skipping re-execution.
   To force a re-execution of setvars.sh, use the '--force' option.
   Using '--force' can result in excessive use of your environment variables.
  
usage: source setvars.sh [--force] [--config=file] [--help] [...]
  --force        Force setvars.sh to re-run, doing so may overload environment.
  --config=file  Customize env vars using a setvars.sh configuration file.
  --help         Display this help message and exit.
  ...            Additional args are passed to individual env/vars.sh scripts
                 and should follow this script's arguments.
  
  Some POSIX shells do not accept command-line options. In that case, you can pass
  command-line options via the SETVARS_ARGS environment variable. For example:
  
  $ SETVARS_ARGS="--config=config.txt" ; export SETVARS_ARGS
  $ . path/to/setvars.sh
  
  The SETVARS_ARGS environment variable is cleared on exiting setvars.sh.
  
The oneAPI toolkits no longer support 32-bit libraries, starting with the 2025.0 toolkit release. See the oneAPI release notes for more details.
  
Changed directory to /home/klp65/SPAPL_KidsASR/egs/MyST.

JobID: 8416543
======
Time: Wed Apr 16 22:43:41 BST 2025
Running on master node: gpu-q-7
Current directory: /home/klp65/SPAPL_KidsASR/egs/MyST

Nodes allocated:
================
gpu-q-7

numtasks=1, numnodes=1, mpi_tasks_per_node=1 (OMP_NUM_THREADS=1)

Executing command:
==================
./run_whisper.sh  > logs/out.8416543

./run_whisper.sh: line 93: 322391 Illegal instruction     sclite -r $resultdir/ref.txt -h $resultdir/hyp.txt -i rm -o all stdout > $resultdir/result.wrd.txt
./run_whisper.sh: line 93: 327208 Illegal instruction     sclite -r $resultdir/ref.txt -h $resultdir/hyp.txt -i rm -o all stdout > $resultdir/result.wrd.txt
Error: extract_speaker can't locate RM id (ks940xx0)
Error: extract_speaker can't locate RM id (ksk39xx0)
Error: extract_speaker can't locate RM id (ksk3axx0)
Error: extract_speaker can't locate RM id (ksk3exx0)
Error: extract_speaker can't locate RM id (ks93jxx0)
Error: extract_speaker can't locate RM id (ks92txx0)
Error: extract_speaker can't locate RM id (ksk03xx0)
Error: extract_speaker can't locate RM id (ksk0sxx0)
Error: extract_speaker can't locate RM id (ks905xx0)
Error: extract_speaker can't locate RM id (ks937xx0)
Error: extract_speaker can't locate RM id (ks90pxx0)
Error: extract_speaker can't locate RM id (ksk0hxx0)
Error: extract_speaker can't locate RM id (ksk3cxx0)
Error: extract_speaker can't locate RM id (ksk2sxx0)
Error: extract_speaker can't locate RM id (ks93wxx0)
Error: extract_speaker can't locate RM id (ksk14xx0)
Error: extract_speaker can't locate RM id (ks93ixx0)
Error: extract_speaker can't locate RM id (ks90fxx0)
Error: extract_speaker can't locate RM id (ks919xx0)
Error: extract_speaker can't locate RM id (ksk1exx0)
Error: extract_speaker can't locate RM id (ks92wxx0)
Error: extract_speaker can't locate RM id (ks900xx0)
Error: extract_speaker can't locate RM id (ks911xx0)
Error: extract_speaker can't locate RM id (ksk06xx0)
Error: extract_speaker can't locate RM id (ks948xx0)
Error: extract_speaker can't locate RM id (ks90zxx0)
Error: extract_speaker can't locate RM id (ks947xx0)
Error: extract_speaker can't locate RM id (ksk0qxx0)
Error: extract_speaker can't locate RM id (ksk2vxx0)
Error: extract_speaker can't locate RM id (ks93kxx0)
Error: extract_speaker can't locate RM id (ks90bxx0)
Error: extract_speaker can't locate RM id (ks907xx0)
Error: extract_speaker can't locate RM id (ksk0ixx0)
Error: extract_speaker can't locate RM id (ksk0yxx0)
Error: extract_speaker can't locate RM id (ks93yxx0)
Error: extract_speaker can't locate RM id (ks909xx0)
Error: extract_speaker can't locate RM id (ks93xxx0)
Error: extract_speaker can't locate RM id (ksk2uxx0)
Error: extract_speaker can't locate RM id (ks90nxx0)
Error: extract_speaker can't locate RM id (ks949xx0)
Error: extract_speaker can't locate RM id (ksk3fxx0)
Error: extract_speaker can't locate RM id (ksk0vxx0)
Error: extract_speaker can't locate RM id (ks942xx0)
Error: extract_speaker can't locate RM id (ks92xxx0)
Error: extract_speaker can't locate RM id (ksk02xx0)
Error: extract_speaker can't locate RM id (ksk17xx0)
Error: extract_speaker can't locate RM id (ks91fxx0)
Error: extract_speaker can't locate RM id (ksk08xx0)
Error: extract_speaker can't locate RM id (ksk0jxx0)
Error: extract_speaker can't locate RM id (ksk3gxx0)
Error: extract_speaker can't locate RM id (ks93mxx0)
Error: extract_speaker can't locate RM id (ks93vxx0)
Error: extract_speaker can't locate RM id (ksk1gxx0)
Error: extract_speaker can't locate RM id (ks934xx0)
Error: extract_speaker can't locate RM id (ks93qxx0)
Error: extract_speaker can't locate RM id (ksk13xx0)
Error: extract_speaker can't locate RM id (ks93zxx0)
Error: extract_speaker can't locate RM id (ksk0wxx0)
Error: extract_speaker can't locate RM id (ksk3bxx0)
Error: extract_speaker can't locate RM id (ks91dxx0)
Error: extract_speaker can't locate RM id (ksk0mxx0)
Error: extract_speaker can't locate RM id (ks90cxx0)
Error: extract_speaker can't locate RM id (ks936xx0)
Error: extract_speaker can't locate RM id (ks90xxx0)
Error: extract_speaker can't locate RM id (ksk12xx0)
Error: extract_speaker can't locate RM id (ksk0oxx0)
Error: extract_speaker can't locate RM id (ks916xx0)
Error: extract_speaker can't locate RM id (ks933xx0)
Error: extract_speaker can't locate RM id (ks946xx0)
Error: extract_speaker can't locate RM id (ks931xx0)
Error: extract_speaker can't locate RM id (ksk0axx0)
Error: extract_speaker can't locate RM id (ksk1hxx0)
Error: extract_speaker can't locate RM id (ks943xx0)
Error: extract_speaker can't locate RM id (ks93txx0)
Error: extract_speaker can't locate RM id (ks904xx0)
Error: extract_speaker can't locate RM id (ks91ixx0)
Error: extract_speaker can't locate RM id (ksk0kxx0)
Error: extract_speaker can't locate RM id (ksk3dxx0)
Error: extract_speaker can't locate RM id (ks938xx0)
Error: extract_speaker can't locate RM id (ks930xx0)
Error: extract_speaker can't locate RM id (ks932xx0)
Error: extract_speaker can't locate RM id (ks93uxx0)
Error: extract_speaker can't locate RM id (ks90txx0)
Error: extract_speaker can't locate RM id (ks918xx0)
Error: extract_speaker can't locate RM id (ks91cxx0)
Error: extract_speaker can't locate RM id (ksk1jxx0)
Error: extract_speaker can't locate RM id (ks91axx0)
Error: extract_speaker can't locate RM id (ksk0uxx0)
Error: extract_speaker can't locate RM id (ks945xx0)
Error: extract_speaker can't locate RM id (ksk0exx0)
Error: extract_speaker can't locate RM id (ks935xx0)
Error: extract_speaker can't locate RM id (ks910xx0)
Error: extract_speaker can't locate RM id (ks93nxx0)
Error: extract_speaker can't locate RM id (ks93rxx0)
Error: extract_speaker can't locate RM id (ks941xx0)
Error: extract_speaker can't locate RM id (ks93hxx0)
Error: extract_speaker can't locate RM id (ks93pxx0)
Error: extract_speaker can't locate RM id (ks90gxx0)
Error: extract_speaker can't locate RM id (ks92yxx0)
Error: extract_speaker can't locate RM id (ksk1bxx0)
Error: extract_speaker can't locate RM id (ks90rxx0)
Error: extract_speaker can't locate RM id (ks93oxx0)
Error: extract_speaker can't locate RM id (ksg12xx0)
Error: extract_speaker can't locate RM id (ks50sxx0)
Error: extract_speaker can't locate RM id (ks53yxx0)
Error: extract_speaker can't locate RM id (ks53dxx0)
Error: extract_speaker can't locate RM id (ksg3rxx0)
Error: extract_speaker can't locate RM id (ks53mxx0)
Error: extract_speaker can't locate RM id (ksg14xx0)
Error: extract_speaker can't locate RM id (ks50ixx0)
Error: extract_speaker can't locate RM id (ks513xx0)
Error: extract_speaker can't locate RM id (ksg42xx0)
Error: extract_speaker can't locate RM id (ksg08xx0)
Error: extract_speaker can't locate RM id (ks53vxx0)
Error: extract_speaker can't locate RM id (ksg2txx0)
Error: extract_speaker can't locate RM id (ksg37xx0)
Error: extract_speaker can't locate RM id (ks515xx0)
Error: extract_speaker can't locate RM id (ksg04xx0)
Error: extract_speaker can't locate RM id (ks545xx0)
Error: extract_speaker can't locate RM id (ksg4bxx0)
Error: extract_speaker can't locate RM id (ksg3cxx0)
Error: extract_speaker can't locate RM id (ks50zxx0)
Error: extract_speaker can't locate RM id (ksg46xx0)
Error: extract_speaker can't locate RM id (ksg3gxx0)
Error: extract_speaker can't locate RM id (ksg10xx0)
Error: extract_speaker can't locate RM id (ks501xx0)
Error: extract_speaker can't locate RM id (ks53pxx0)
Error: extract_speaker can't locate RM id (ks532xx0)
Error: extract_speaker can't locate RM id (ksg0dxx0)
Error: extract_speaker can't locate RM id (ksg3hxx0)
Error: extract_speaker can't locate RM id (ksg3fxx0)
Error: extract_speaker can't locate RM id (ks50uxx0)
Error: extract_speaker can't locate RM id (ks54dxx0)
Error: extract_speaker can't locate RM id (ks505xx0)
Error: extract_speaker can't locate RM id (ksg3kxx0)
Error: extract_speaker can't locate RM id (ks50xxx0)
Error: extract_speaker can't locate RM id (ks53txx0)
Error: extract_speaker can't locate RM id (ks548xx0)
Error: extract_speaker can't locate RM id (ksg3lxx0)
Error: extract_speaker can't locate RM id (ks50mxx0)
Error: extract_speaker can't locate RM id (ksg0vxx0)
Error: extract_speaker can't locate RM id (ks53uxx0)
Error: extract_speaker can't locate RM id (ksg0jxx0)
Error: extract_speaker can't locate RM id (ks50oxx0)
Error: extract_speaker can't locate RM id (ksg4axx0)
Error: extract_speaker can't locate RM id (ksg3ixx0)
Error: extract_speaker can't locate RM id (ks50axx0)
Error: extract_speaker can't locate RM id (ksg47xx0)
Error: extract_speaker can't locate RM id (ks50cxx0)
Error: extract_speaker can't locate RM id (ks538xx0)
Error: extract_speaker can't locate RM id (ksg2zxx0)
Error: extract_speaker can't locate RM id (ksg3wxx0)
Error: extract_speaker can't locate RM id (ksg34xx0)
Error: extract_speaker can't locate RM id (ks52vxx0)
Error: extract_speaker can't locate RM id (ksg0fxx0)
Error: extract_speaker can't locate RM id (ks53jxx0)
Error: extract_speaker can't locate RM id (ks50rxx0)
Error: extract_speaker can't locate RM id (ksg2uxx0)
Error: extract_speaker can't locate RM id (ks500xx0)
Error: extract_speaker can't locate RM id (ks536xx0)
Error: extract_speaker can't locate RM id (ks507xx0)
Error: extract_speaker can't locate RM id (ks539xx0)
Error: extract_speaker can't locate RM id (ksg33xx0)
Error: extract_speaker can't locate RM id (ksg0pxx0)
Error: extract_speaker can't locate RM id (ksg2xxx0)
Error: extract_speaker can't locate RM id (ksg3xxx0)
Error: extract_speaker can't locate RM id (ks511xx0)
Error: extract_speaker can't locate RM id (ksg0kxx0)
Error: extract_speaker can't locate RM id (ksg3exx0)
Error: extract_speaker can't locate RM id (ksg02xx0)
Error: extract_speaker can't locate RM id (ks531xx0)
Error: extract_speaker can't locate RM id (ks509xx0)
Error: extract_speaker can't locate RM id (ksg44xx0)
Error: extract_speaker can't locate RM id (ksg0exx0)
Error: extract_speaker can't locate RM id (ks50yxx0)
Error: extract_speaker can't locate RM id (ks541xx0)
Error: extract_speaker can't locate RM id (ks50wxx0)
Error: extract_speaker can't locate RM id (ksg3axx0)
Error: extract_speaker can't locate RM id (ksg40xx0)
Error: extract_speaker can't locate RM id (ks535xx0)
Error: extract_speaker can't locate RM id (ksg49xx0)
Error: extract_speaker can't locate RM id (ks53bxx0)
Error: extract_speaker can't locate RM id (ks50txx0)
Error: extract_speaker can't locate RM id (ksg0qxx0)
Error: extract_speaker can't locate RM id (ks53zxx0)
Error: extract_speaker can't locate RM id (ks50nxx0)
Error: extract_speaker can't locate RM id (ks50gxx0)
Error: extract_speaker can't locate RM id (ksg3nxx0)
Error: extract_speaker can't locate RM id (ksg43xx0)
Error: extract_speaker can't locate RM id (ksg2yxx0)
Error: extract_speaker can't locate RM id (ks52wxx0)
Error: extract_speaker can't locate RM id (ks53qxx0)
Error: extract_speaker can't locate RM id (ksg3oxx0)
Error: extract_speaker can't locate RM id (ksg03xx0)
Error: extract_speaker can't locate RM id (ksg0hxx0)
Error: extract_speaker can't locate RM id (ks50bxx0)
Error: extract_speaker can't locate RM id (ksg4cxx0)
Error: extract_speaker can't locate RM id (ks506xx0)
Error: extract_speaker can't locate RM id (ksg30xx0)
Error: extract_speaker can't locate RM id (ks52sxx0)
Error: extract_speaker can't locate RM id (ksa0yxx0)
Error: extract_speaker can't locate RM id (ksa08xx0)
Error: extract_speaker can't locate RM id (ksa3vxx0)
Error: extract_speaker can't locate RM id (ksa3exx0)
Error: extract_speaker can't locate RM id (ksa3wxx0)
Error: extract_speaker can't locate RM id (ksa35xx0)
Error: extract_speaker can't locate RM id (ksa0gxx0)
Error: extract_speaker can't locate RM id (ksa31xx0)
Error: extract_speaker can't locate RM id (ksl0axx0)
Error: extract_speaker can't locate RM id (ksa39xx0)
Error: extract_speaker can't locate RM id (ksl0cxx0)
Error: extract_speaker can't locate RM id (ksl0fxx0)
Error: extract_speaker can't locate RM id (ksa3zxx0)
Error: extract_speaker can't locate RM id (ksa0mxx0)
Error: extract_speaker can't locate RM id (ksa3gxx0)
Error: extract_speaker can't locate RM id (ksa3kxx0)
Error: extract_speaker can't locate RM id (ksl1cxx0)
Error: extract_speaker can't locate RM id (ksl01xx0)
Error: extract_speaker can't locate RM id (ksl07xx0)
Error: extract_speaker can't locate RM id (ksa0jxx0)
Error: extract_speaker can't locate RM id (ksa3axx0)
Error: extract_speaker can't locate RM id (ksl14xx0)
Error: extract_speaker can't locate RM id (ksl10xx0)
Error: extract_speaker can't locate RM id (ksl0txx0)
Error: extract_speaker can't locate RM id (ksa38xx0)
Error: extract_speaker can't locate RM id (ksa0sxx0)
Error: extract_speaker can't locate RM id (ksa3jxx0)
Error: extract_speaker can't locate RM id (ksa2sxx0)
Error: extract_speaker can't locate RM id (ksa3rxx0)
Error: extract_speaker can't locate RM id (ksa12xx0)
Error: extract_speaker can't locate RM id (ksa45xx0)
Error: extract_speaker can't locate RM id (ksa0wxx0)
Error: extract_speaker can't locate RM id (ksa0nxx0)
Error: extract_speaker can't locate RM id (ksa3cxx0)
Error: extract_speaker can't locate RM id (ksa1dxx0)
Error: extract_speaker can't locate RM id (ksl2xxx0)
Error: extract_speaker can't locate RM id (ksl0exx0)
Error: extract_speaker can't locate RM id (ksa3bxx0)
Error: extract_speaker can't locate RM id (ksa41xx0)
Error: extract_speaker can't locate RM id (ksa0qxx0)
Error: extract_speaker can't locate RM id (ksa34xx0)
Error: extract_speaker can't locate RM id (ksl0pxx0)
Error: extract_speaker can't locate RM id (ksa30xx0)
Error: extract_speaker can't locate RM id (ksa00xx0)
Error: extract_speaker can't locate RM id (ksa33xx0)
Error: extract_speaker can't locate RM id (ksa3yxx0)
Error: extract_speaker can't locate RM id (ksa3lxx0)
Error: extract_speaker can't locate RM id (ksa47xx0)
Error: extract_speaker can't locate RM id (ksa16xx0)
Error: extract_speaker can't locate RM id (ksa06xx0)
Error: extract_speaker can't locate RM id (ksa0rxx0)
Error: extract_speaker can't locate RM id (ksa40xx0)
Error: extract_speaker can't locate RM id (ksl1exx0)
Error: extract_speaker can't locate RM id (ksa3qxx0)
Error: extract_speaker can't locate RM id (ksa37xx0)
Error: extract_speaker can't locate RM id (ksa3xxx0)
Error: extract_speaker can't locate RM id (ksl1gxx0)
Error: extract_speaker can't locate RM id (ksa11xx0)
Error: extract_speaker can't locate RM id (ksa0oxx0)
Error: extract_speaker can't locate RM id (ksl0lxx0)
Error: extract_speaker can't locate RM id (ksa0uxx0)
Error: extract_speaker can't locate RM id (ksa2zxx0)
Error: extract_speaker can't locate RM id (ksa48xx0)
Error: extract_speaker can't locate RM id (ksl0xxx0)
Error: extract_speaker can't locate RM id (ksa3txx0)
Error: extract_speaker can't locate RM id (ksl18xx0)
Error: extract_speaker can't locate RM id (ksa13xx0)
Error: extract_speaker can't locate RM id (ksa42xx0)
Error: extract_speaker can't locate RM id (ksl2txx0)
Error: extract_speaker can't locate RM id (ksa3uxx0)
Error: extract_speaker can't locate RM id (ksa09xx0)
Error: extract_speaker can't locate RM id (ksa05xx0)
Error: extract_speaker can't locate RM id (ksa3ixx0)
Error: extract_speaker can't locate RM id (ksl17xx0)
Error: extract_speaker can't locate RM id (ksa0dxx0)
Error: extract_speaker can't locate RM id (ksa2yxx0)
Error: extract_speaker can't locate RM id (ksa3sxx0)
Error: extract_speaker can't locate RM id (ksa3dxx0)
Error: extract_speaker can't locate RM id (ksl15xx0)
Error: extract_speaker can't locate RM id (ksl0hxx0)
Error: extract_speaker can't locate RM id (ksa3nxx0)
Error: extract_speaker can't locate RM id (ksl2vxx0)
Error: extract_speaker can't locate RM id (ksa19xx0)
Error: extract_speaker can't locate RM id (ksa3pxx0)
Error: extract_speaker can't locate RM id (ksa0ixx0)
Error: extract_speaker can't locate RM id (ksl1bxx0)
Error: extract_speaker can't locate RM id (ksa03xx0)
Error: extract_speaker can't locate RM id (ksl2wxx0)
Error: extract_speaker can't locate RM id (ksa2uxx0)
Error: extract_speaker can't locate RM id (ksa46xx0)
Error: extract_speaker can't locate RM id (ksa43xx0)
Error: extract_speaker can't locate RM id (ksa36xx0)
Error: extract_speaker can't locate RM id (ksl1fxx0)
Error: extract_speaker can't locate RM id (ksa3oxx0)
Error: extract_speaker can't locate RM id (ksa3mxx0)
Error: extract_speaker can't locate RM id (ksa0bxx0)
Error: extract_speaker can't locate RM id (ksl0kxx0)
Error: extract_speaker can't locate RM id (ksa32xx0)
Error: extract_speaker can't locate RM id (ksl1axx0)
Error: extract_speaker can't locate RM id (ksl0vxx0)
Error: extract_speaker can't locate RM id (ksa0zxx0)
Error: extract_speaker can't locate RM id (ksl04xx0)
Error: extract_speaker can't locate RM id (ks10dxx0)
Error: extract_speaker can't locate RM id (ksc3fxx0)
Error: extract_speaker can't locate RM id (ks12vxx0)
Error: extract_speaker can't locate RM id (ks13ixx0)
Error: extract_speaker can't locate RM id (ks110xx0)
Error: extract_speaker can't locate RM id (ks10xxx0)
Error: extract_speaker can't locate RM id (ksc14xx0)
Error: extract_speaker can't locate RM id (ksc01xx0)
Error: extract_speaker can't locate RM id (ks10uxx0)
Error: extract_speaker can't locate RM id (ksc32xx0)
Error: extract_speaker can't locate RM id (ks112xx0)
Error: extract_speaker can't locate RM id (ks13kxx0)
Error: extract_speaker can't locate RM id (ksc03xx0)
Error: extract_speaker can't locate RM id (ks104xx0)
Error: extract_speaker can't locate RM id (ks13rxx0)
Error: extract_speaker can't locate RM id (ksc3qxx0)
Error: extract_speaker can't locate RM id (ksc0txx0)
Error: extract_speaker can't locate RM id (ks137xx0)
Error: extract_speaker can't locate RM id (ks10kxx0)
Error: extract_speaker can't locate RM id (ksc3exx0)
Error: extract_speaker can't locate RM id (ks134xx0)
Error: extract_speaker can't locate RM id (ks10wxx0)
Error: extract_speaker can't locate RM id (ksc3nxx0)
Error: extract_speaker can't locate RM id (ks13xxx0)
Error: extract_speaker can't locate RM id (ks10gxx0)
Error: extract_speaker can't locate RM id (ks133xx0)
Error: extract_speaker can't locate RM id (ks10rxx0)
Error: extract_speaker can't locate RM id (ksc3txx0)
Error: extract_speaker can't locate RM id (ksc16xx0)
Error: extract_speaker can't locate RM id (ks107xx0)
Error: extract_speaker can't locate RM id (ks13vxx0)
Error: extract_speaker can't locate RM id (ks10zxx0)
Error: extract_speaker can't locate RM id (ksc0pxx0)
Error: extract_speaker can't locate RM id (ks13axx0)
Error: extract_speaker can't locate RM id (ks10axx0)
Error: extract_speaker can't locate RM id (ksc0bxx0)
Error: extract_speaker can't locate RM id (ksc3wxx0)
Error: extract_speaker can't locate RM id (ks10ixx0)
Error: extract_speaker can't locate RM id (ksc3lxx0)
Error: extract_speaker can't locate RM id (ksc0oxx0)
Error: extract_speaker can't locate RM id (ks10qxx0)
Error: extract_speaker can't locate RM id (ks13pxx0)
Error: extract_speaker can't locate RM id (ks130xx0)
Error: extract_speaker can't locate RM id (ks118xx0)
Error: extract_speaker can't locate RM id (ksc08xx0)
Error: extract_speaker can't locate RM id (ks13zxx0)
Error: extract_speaker can't locate RM id (ks13dxx0)
Error: extract_speaker can't locate RM id (ks10fxx0)
Error: extract_speaker can't locate RM id (ks135xx0)
Error: extract_speaker can't locate RM id (ksc2txx0)
Error: extract_speaker can't locate RM id (ks10yxx0)
Error: extract_speaker can't locate RM id (ks13sxx0)
Error: extract_speaker can't locate RM id (ksc00xx0)
Error: extract_speaker can't locate RM id (ksc3oxx0)
Error: extract_speaker can't locate RM id (ksc0jxx0)
Error: extract_speaker can't locate RM id (ks12sxx0)
Error: extract_speaker can't locate RM id (ks12zxx0)
Error: extract_speaker can't locate RM id (ks10vxx0)
Error: extract_speaker can't locate RM id (ks10nxx0)
Error: extract_speaker can't locate RM id (ksc0hxx0)
Error: extract_speaker can't locate RM id (ksc3yxx0)
Error: extract_speaker can't locate RM id (ksc3cxx0)
Error: extract_speaker can't locate RM id (ksc2xxx0)
Error: extract_speaker can't locate RM id (ks131xx0)
Error: extract_speaker can't locate RM id (ks117xx0)
Error: extract_speaker can't locate RM id (ks10cxx0)
Error: extract_speaker can't locate RM id (ks109xx0)
Error: extract_speaker can't locate RM id (ks105xx0)
Error: extract_speaker can't locate RM id (ks13uxx0)
Error: extract_speaker can't locate RM id (ks12yxx0)
Error: extract_speaker can't locate RM id (ks106xx0)
Error: extract_speaker can't locate RM id (ks10lxx0)
Error: extract_speaker can't locate RM id (ks13bxx0)
Error: extract_speaker can't locate RM id (ks13jxx0)
Error: extract_speaker can't locate RM id (ks12uxx0)
Error: extract_speaker can't locate RM id (ks111xx0)
Error: extract_speaker can't locate RM id (ks13mxx0)
Error: extract_speaker can't locate RM id (ksc02xx0)
Error: extract_speaker can't locate RM id (ksc39xx0)
Error: extract_speaker can't locate RM id (ksc0sxx0)
Error: extract_speaker can't locate RM id (ks10exx0)
Error: extract_speaker can't locate RM id (ks113xx0)
Error: extract_speaker can't locate RM id (ks119xx0)
Error: extract_speaker can't locate RM id (ksc0mxx0)
Error: extract_speaker can't locate RM id (ks136xx0)
Error: extract_speaker can't locate RM id (ksc3gxx0)
Error: extract_speaker can't locate RM id (ks115xx0)
Error: extract_speaker can't locate RM id (ks82sxx0)
Error: extract_speaker can't locate RM id (ks80ixx0)
Error: extract_speaker can't locate RM id (ksj0txx0)
Error: extract_speaker can't locate RM id (ks80axx0)
Error: extract_speaker can't locate RM id (ksj3txx0)
Error: extract_speaker can't locate RM id (ksj3ixx0)
Error: extract_speaker can't locate RM id (ksj35xx0)
Error: extract_speaker can't locate RM id (ks80exx0)
Error: extract_speaker can't locate RM id (ksj12xx0)
Error: extract_speaker can't locate RM id (ks83cxx0)
Error: extract_speaker can't locate RM id (ks815xx0)
Error: extract_speaker can't locate RM id (ks83pxx0)
Error: extract_speaker can't locate RM id (ks816xx0)
Error: extract_speaker can't locate RM id (ksj3nxx0)
Error: extract_speaker can't locate RM id (ks808xx0)
Error: extract_speaker can't locate RM id (ksj3bxx0)
Error: extract_speaker can't locate RM id (ks83sxx0)
Error: extract_speaker can't locate RM id (ksj33xx0)
Error: extract_speaker can't locate RM id (ksj0uxx0)
Error: extract_speaker can't locate RM id (ksj11xx0)
Error: extract_speaker can't locate RM id (ksj0cxx0)
Error: extract_speaker can't locate RM id (ks81axx0)
Error: extract_speaker can't locate RM id (ksj2xxx0)
Error: extract_speaker can't locate RM id (ks819xx0)
Error: extract_speaker can't locate RM id (ks80vxx0)
Error: extract_speaker can't locate RM id (ks83vxx0)
Error: extract_speaker can't locate RM id (ks831xx0)
Error: extract_speaker can't locate RM id (ks82uxx0)
Error: extract_speaker can't locate RM id (ksj3mxx0)
Error: extract_speaker can't locate RM id (ks80qxx0)
Error: extract_speaker can't locate RM id (ksj0kxx0)
Error: extract_speaker can't locate RM id (ks83qxx0)
Error: extract_speaker can't locate RM id (ksj09xx0)
Error: extract_speaker can't locate RM id (ksj2txx0)
Error: extract_speaker can't locate RM id (ksj45xx0)
Error: extract_speaker can't locate RM id (ksj40xx0)
Error: extract_speaker can't locate RM id (ksj02xx0)
Error: extract_speaker can't locate RM id (ks80dxx0)
Error: extract_speaker can't locate RM id (ks80xxx0)
Error: extract_speaker can't locate RM id (ks83kxx0)
Error: extract_speaker can't locate RM id (ks82wxx0)
Error: extract_speaker can't locate RM id (ksj0mxx0)
Error: extract_speaker can't locate RM id (ks805xx0)
Error: extract_speaker can't locate RM id (ksj0lxx0)
Error: extract_speaker can't locate RM id (ksj3oxx0)
Error: extract_speaker can't locate RM id (ks83wxx0)
Error: extract_speaker can't locate RM id (ksj01xx0)
Error: extract_speaker can't locate RM id (ksj3gxx0)
Error: extract_speaker can't locate RM id (ks804xx0)
Error: extract_speaker can't locate RM id (ksj43xx0)
Error: extract_speaker can't locate RM id (ks80rxx0)
Error: extract_speaker can't locate RM id (ksj2vxx0)
Error: extract_speaker can't locate RM id (ks81cxx0)
Error: extract_speaker can't locate RM id (ks807xx0)
Error: extract_speaker can't locate RM id (ksj38xx0)
Error: extract_speaker can't locate RM id (ksj0zxx0)
Error: extract_speaker can't locate RM id (ksj37xx0)
Error: extract_speaker can't locate RM id (ks83uxx0)
Error: extract_speaker can't locate RM id (ksj0nxx0)
Error: extract_speaker can't locate RM id (ksj3dxx0)
Error: extract_speaker can't locate RM id (ksj13xx0)
Error: extract_speaker can't locate RM id (ksj0sxx0)
Error: extract_speaker can't locate RM id (ks81bxx0)
Error: extract_speaker can't locate RM id (ks817xx0)
Error: extract_speaker can't locate RM id (ksj00xx0)
Error: extract_speaker can't locate RM id (ksj36xx0)
Error: extract_speaker can't locate RM id (ksj3rxx0)
Error: extract_speaker can't locate RM id (ks80bxx0)
Error: extract_speaker can't locate RM id (ksj3hxx0)
Error: extract_speaker can't locate RM id (ksj41xx0)
Error: extract_speaker can't locate RM id (ks83jxx0)
Error: extract_speaker can't locate RM id (ks818xx0)
Error: extract_speaker can't locate RM id (ks80fxx0)
Error: extract_speaker can't locate RM id (ksj44xx0)
Error: extract_speaker can't locate RM id (ks832xx0)
Error: extract_speaker can't locate RM id (ks80oxx0)
Error: extract_speaker can't locate RM id (ksj0yxx0)
Error: extract_speaker can't locate RM id (ks83fxx0)
Error: extract_speaker can't locate RM id (ks83lxx0)
Error: extract_speaker can't locate RM id (ksj3yxx0)
Error: extract_speaker can't locate RM id (ks83axx0)
Error: extract_speaker can't locate RM id (ksj0pxx0)
Error: extract_speaker can't locate RM id (ksj2zxx0)
Error: extract_speaker can't locate RM id (ks842xx0)
Error: extract_speaker can't locate RM id (ks810xx0)
Error: extract_speaker can't locate RM id (ksj30xx0)
Error: extract_speaker can't locate RM id (ks814xx0)
Error: extract_speaker can't locate RM id (ksj2yxx0)
Error: extract_speaker can't locate RM id (ks839xx0)
Error: extract_speaker can't locate RM id (ks80gxx0)
Error: extract_speaker can't locate RM id (ksj3xxx0)
Error: extract_speaker can't locate RM id (ks80hxx0)
Error: extract_speaker can't locate RM id (ks803xx0)
Error: extract_speaker can't locate RM id (ks80wxx0)
Error: extract_speaker can't locate RM id (ksj3zxx0)
Error: extract_speaker can't locate RM id (ksj1dxx0)
Error: extract_speaker can't locate RM id (ksj06xx0)
Error: extract_speaker can't locate RM id (ksj0jxx0)
Error: extract_speaker can't locate RM id (ks834xx0)
Error: extract_speaker can't locate RM id (kse0gxx0)
Error: extract_speaker can't locate RM id (ks310xx0)
Error: extract_speaker can't locate RM id (kse3kxx0)
Error: extract_speaker can't locate RM id (ks33wxx0)
Error: extract_speaker can't locate RM id (kse0uxx0)
Error: extract_speaker can't locate RM id (kse0qxx0)
Error: extract_speaker can't locate RM id (ks305xx0)
Error: extract_speaker can't locate RM id (kse3yxx0)
Error: extract_speaker can't locate RM id (ks312xx0)
Error: extract_speaker can't locate RM id (ks333xx0)
Error: extract_speaker can't locate RM id (kse3nxx0)
Error: extract_speaker can't locate RM id (ks32zxx0)
Error: extract_speaker can't locate RM id (ks30pxx0)
Error: extract_speaker can't locate RM id (kse47xx0)
Error: extract_speaker can't locate RM id (kse0txx0)
Error: extract_speaker can't locate RM id (ks30nxx0)
Error: extract_speaker can't locate RM id (ks30wxx0)
Error: extract_speaker can't locate RM id (ks341xx0)
Error: extract_speaker can't locate RM id (kse11xx0)
Error: extract_speaker can't locate RM id (kse2wxx0)
Error: extract_speaker can't locate RM id (ks33qxx0)
Error: extract_speaker can't locate RM id (kse46xx0)
Error: extract_speaker can't locate RM id (kse3hxx0)
Error: extract_speaker can't locate RM id (kse0bxx0)
Error: extract_speaker can't locate RM id (kse4axx0)
Error: extract_speaker can't locate RM id (ks30rxx0)
Error: extract_speaker can't locate RM id (ks313xx0)
Error: extract_speaker can't locate RM id (kse06xx0)
Error: extract_speaker can't locate RM id (ks33gxx0)
Error: extract_speaker can't locate RM id (ks316xx0)
Error: extract_speaker can't locate RM id (kse17xx0)
Error: extract_speaker can't locate RM id (ks30mxx0)
Error: extract_speaker can't locate RM id (ks336xx0)
Error: extract_speaker can't locate RM id (kse4bxx0)
Error: extract_speaker can't locate RM id (ks30jxx0)
Error: extract_speaker can't locate RM id (kse3uxx0)
Error: extract_speaker can't locate RM id (ks348xx0)
Error: extract_speaker can't locate RM id (ks32xxx0)
Error: extract_speaker can't locate RM id (kse42xx0)
Error: extract_speaker can't locate RM id (ks30exx0)
Error: extract_speaker can't locate RM id (kse35xx0)
Error: extract_speaker can't locate RM id (ks33cxx0)
Error: extract_speaker can't locate RM id (ks30axx0)
Error: extract_speaker can't locate RM id (kse3exx0)
Error: extract_speaker can't locate RM id (ks303xx0)
Error: extract_speaker can't locate RM id (kse1gxx0)
Error: extract_speaker can't locate RM id (ks31bxx0)
Error: extract_speaker can't locate RM id (ks30fxx0)
Error: extract_speaker can't locate RM id (kse2vxx0)
Error: extract_speaker can't locate RM id (ks31cxx0)
Error: extract_speaker can't locate RM id (ks314xx0)
Error: extract_speaker can't locate RM id (kse34xx0)
Error: extract_speaker can't locate RM id (ks31ixx0)
Error: extract_speaker can't locate RM id (ks33rxx0)
Error: extract_speaker can't locate RM id (ks33dxx0)
Error: extract_speaker can't locate RM id (kse02xx0)
Error: extract_speaker can't locate RM id (kse2sxx0)
Error: extract_speaker can't locate RM id (ks31axx0)
Error: extract_speaker can't locate RM id (ks33txx0)
Error: extract_speaker can't locate RM id (kse3xxx0)
Error: extract_speaker can't locate RM id (kse0lxx0)
Error: extract_speaker can't locate RM id (kse3sxx0)
Error: extract_speaker can't locate RM id (ks30kxx0)
Error: extract_speaker can't locate RM id (ks33pxx0)
Error: extract_speaker can't locate RM id (kse0oxx0)
Error: extract_speaker can't locate RM id (ks33lxx0)
Error: extract_speaker can't locate RM id (ks30xxx0)
Error: extract_speaker can't locate RM id (kse04xx0)
Error: extract_speaker can't locate RM id (kse3ixx0)
Error: extract_speaker can't locate RM id (ks31dxx0)
Error: extract_speaker can't locate RM id (kse3fxx0)
Error: extract_speaker can't locate RM id (kse2txx0)
Error: extract_speaker can't locate RM id (ks330xx0)
Error: extract_speaker can't locate RM id (kse45xx0)
Error: extract_speaker can't locate RM id (kse0yxx0)
Error: extract_speaker can't locate RM id (ks337xx0)
Error: extract_speaker can't locate RM id (kse19xx0)
Error: extract_speaker can't locate RM id (ks30cxx0)
Error: extract_speaker can't locate RM id (ks338xx0)
Error: extract_speaker can't locate RM id (kse3zxx0)
Error: extract_speaker can't locate RM id (ks307xx0)
Error: extract_speaker can't locate RM id (kse3axx0)
Error: extract_speaker can't locate RM id (ks31kxx0)
Error: extract_speaker can't locate RM id (ks331xx0)
Error: extract_speaker can't locate RM id (kse15xx0)
Error: extract_speaker can't locate RM id (ks31hxx0)
Error: extract_speaker can't locate RM id (kse00xx0)
Error: extract_speaker can't locate RM id (ks31jxx0)
Error: extract_speaker can't locate RM id (ks340xx0)
Error: extract_speaker can't locate RM id (ks349xx0)
Error: extract_speaker can't locate RM id (kse0sxx0)
Error: extract_speaker can't locate RM id (ks31exx0)
Error: extract_speaker can't locate RM id (kse2uxx0)
Error: extract_speaker can't locate RM id (kse4cxx0)
Error: extract_speaker can't locate RM id (kse09xx0)
Error: extract_speaker can't locate RM id (kse39xx0)
Error: extract_speaker can't locate RM id (ks30hxx0)
Error: extract_speaker can't locate RM id (ks31nxx0)
Error: extract_speaker can't locate RM id (ks332xx0)
Error: extract_speaker can't locate RM id (kse0ixx0)
Error: extract_speaker can't locate RM id (kse44xx0)
Error: extract_speaker can't locate RM id (kse3bxx0)
Error: extract_speaker can't locate RM id (kse0vxx0)
Error: extract_speaker can't locate RM id (kse1fxx0)
Error: extract_speaker can't locate RM id (ks32yxx0)
Error: extract_speaker can't locate RM id (ks308xx0)
Error: extract_speaker can't locate RM id (kse43xx0)
Error: extract_speaker can't locate RM id (ks31lxx0)
Error: extract_speaker can't locate RM id (ks31mxx0)
Error: extract_speaker can't locate RM id (ks33oxx0)
Error: extract_speaker can't locate RM id (ks33mxx0)
Error: extract_speaker can't locate RM id (ks30dxx0)
Error: extract_speaker can't locate RM id (ks33vxx0)
Error: extract_speaker can't locate RM id (ks34dxx0)
Error: extract_speaker can't locate RM id (ks23lxx0)
Error: extract_speaker can't locate RM id (ksd0dxx0)
Error: extract_speaker can't locate RM id (ksd2zxx0)
Error: extract_speaker can't locate RM id (ksd0exx0)
Error: extract_speaker can't locate RM id (ks23uxx0)
Error: extract_speaker can't locate RM id (ks21cxx0)
Error: extract_speaker can't locate RM id (ksd38xx0)
Error: extract_speaker can't locate RM id (ks20qxx0)
Error: extract_speaker can't locate RM id (ksd1fxx0)
Error: extract_speaker can't locate RM id (ksd0txx0)
Error: extract_speaker can't locate RM id (ksd41xx0)
Error: extract_speaker can't locate RM id (ks23fxx0)
Error: extract_speaker can't locate RM id (ks23txx0)
Error: extract_speaker can't locate RM id (ksd08xx0)
Error: extract_speaker can't locate RM id (ksd3dxx0)
Error: extract_speaker can't locate RM id (ksd49xx0)
Error: extract_speaker can't locate RM id (ksd30xx0)
Error: extract_speaker can't locate RM id (ks21dxx0)
Error: extract_speaker can't locate RM id (ksd3cxx0)
Error: extract_speaker can't locate RM id (ks20pxx0)
Error: extract_speaker can't locate RM id (ks20gxx0)
Error: extract_speaker can't locate RM id (ksd3pxx0)
Error: extract_speaker can't locate RM id (ksd06xx0)
Error: extract_speaker can't locate RM id (ksd0xxx0)
Error: extract_speaker can't locate RM id (ksd15xx0)
Error: extract_speaker can't locate RM id (ksd2uxx0)
Error: extract_speaker can't locate RM id (ks219xx0)
Error: extract_speaker can't locate RM id (ks20vxx0)
Error: extract_speaker can't locate RM id (ks20oxx0)
Error: extract_speaker can't locate RM id (ks216xx0)
Error: extract_speaker can't locate RM id (ks202xx0)
Error: extract_speaker can't locate RM id (ks213xx0)
Error: extract_speaker can't locate RM id (ksd3exx0)
Error: extract_speaker can't locate RM id (ks23jxx0)
Error: extract_speaker can't locate RM id (ksd3xxx0)
Error: extract_speaker can't locate RM id (ks23vxx0)
Error: extract_speaker can't locate RM id (ksd1ixx0)
Error: extract_speaker can't locate RM id (ksd3rxx0)
Error: extract_speaker can't locate RM id (ks237xx0)
Error: extract_speaker can't locate RM id (ksd0mxx0)
Error: extract_speaker can't locate RM id (ks23yxx0)
Error: extract_speaker can't locate RM id (ksd3qxx0)
Error: extract_speaker can't locate RM id (ksd44xx0)
Error: extract_speaker can't locate RM id (ks21kxx0)
Error: extract_speaker can't locate RM id (ks23mxx0)
Error: extract_speaker can't locate RM id (ksd0lxx0)
Error: extract_speaker can't locate RM id (ksd42xx0)
Error: extract_speaker can't locate RM id (ks20rxx0)
Error: extract_speaker can't locate RM id (ks210xx0)
Error: extract_speaker can't locate RM id (ksd3zxx0)
Error: extract_speaker can't locate RM id (ks21exx0)
Error: extract_speaker can't locate RM id (ks212xx0)
Error: extract_speaker can't locate RM id (ksd14xx0)
Error: extract_speaker can't locate RM id (ks203xx0)
Error: extract_speaker can't locate RM id (ksd43xx0)
Error: extract_speaker can't locate RM id (ksd17xx0)
Error: extract_speaker can't locate RM id (ksd0sxx0)
Error: extract_speaker can't locate RM id (ks22vxx0)
Error: extract_speaker can't locate RM id (ks23oxx0)
Error: extract_speaker can't locate RM id (ksd32xx0)
Error: extract_speaker can't locate RM id (ksd3hxx0)
Error: extract_speaker can't locate RM id (ksd3gxx0)
Error: extract_speaker can't locate RM id (ks204xx0)
Error: extract_speaker can't locate RM id (ks247xx0)
Error: extract_speaker can't locate RM id (ksd36xx0)
Error: extract_speaker can't locate RM id (ksd1jxx0)
Error: extract_speaker can't locate RM id (ksd0hxx0)
Error: extract_speaker can't locate RM id (ks235xx0)
Error: extract_speaker can't locate RM id (ksd3wxx0)
Error: extract_speaker can't locate RM id (ksd4axx0)
Error: extract_speaker can't locate RM id (ksd07xx0)
Error: extract_speaker can't locate RM id (ksd2yxx0)
Error: extract_speaker can't locate RM id (ks24cxx0)
Error: extract_speaker can't locate RM id (ks21bxx0)
Error: extract_speaker can't locate RM id (ksd46xx0)
Error: extract_speaker can't locate RM id (ksd0cxx0)
Error: extract_speaker can't locate RM id (ksd00xx0)
Error: extract_speaker can't locate RM id (ks231xx0)
Error: extract_speaker can't locate RM id (ks21hxx0)
Error: extract_speaker can't locate RM id (ks234xx0)
Error: extract_speaker can't locate RM id (ksd09xx0)
Error: extract_speaker can't locate RM id (ksd3bxx0)
Error: extract_speaker can't locate RM id (ks211xx0)
Error: extract_speaker can't locate RM id (ks233xx0)
Error: extract_speaker can't locate RM id (ksd3ixx0)
Error: extract_speaker can't locate RM id (ks20wxx0)
Error: extract_speaker can't locate RM id (ksd39xx0)
Error: extract_speaker can't locate RM id (ks20nxx0)
Error: extract_speaker can't locate RM id (ksd3nxx0)
Error: extract_speaker can't locate RM id (ks20axx0)
Error: extract_speaker can't locate RM id (ks21axx0)
Error: extract_speaker can't locate RM id (ks245xx0)
Error: extract_speaker can't locate RM id (ksd2xxx0)
Error: extract_speaker can't locate RM id (ksd18xx0)
Error: extract_speaker can't locate RM id (ks20uxx0)
Error: extract_speaker can't locate RM id (ks22wxx0)
Error: extract_speaker can't locate RM id (ksd0bxx0)
Error: extract_speaker can't locate RM id (ksd4bxx0)
Error: extract_speaker can't locate RM id (ksd0fxx0)
Error: extract_speaker can't locate RM id (ks240xx0)
Error: extract_speaker can't locate RM id (ks20yxx0)
Error: extract_speaker can't locate RM id (ksd2sxx0)
Error: extract_speaker can't locate RM id (ksd1gxx0)
Error: extract_speaker can't locate RM id (ksd0ixx0)
Error: extract_speaker can't locate RM id (ksd3sxx0)
Error: extract_speaker can't locate RM id (ks20kxx0)
Error: extract_speaker can't locate RM id (ksd05xx0)
Error: extract_speaker can't locate RM id (ks20zxx0)
Error: extract_speaker can't locate RM id (ks248xx0)
Error: extract_speaker can't locate RM id (ks20jxx0)
Error: extract_speaker can't locate RM id (ks201xx0)
Error: extract_speaker can't locate RM id (ksd3kxx0)
Error: extract_speaker can't locate RM id (ks23axx0)
Error: extract_speaker can't locate RM id (ksd2txx0)
Error: extract_speaker can't locate RM id (ks63bxx0)
Error: extract_speaker can't locate RM id (ks60vxx0)
Error: extract_speaker can't locate RM id (ksh01xx0)
Error: extract_speaker can't locate RM id (ksh3kxx0)
Error: extract_speaker can't locate RM id (ks62yxx0)
Error: extract_speaker can't locate RM id (ksh3zxx0)
Error: extract_speaker can't locate RM id (ks63dxx0)
Error: extract_speaker can't locate RM id (ks61fxx0)
Error: extract_speaker can't locate RM id (ksh0axx0)
Error: extract_speaker can't locate RM id (ksh0mxx0)
Error: extract_speaker can't locate RM id (ksh3lxx0)
Error: extract_speaker can't locate RM id (ks635xx0)
Error: extract_speaker can't locate RM id (ks60yxx0)
Error: extract_speaker can't locate RM id (ks61kxx0)
Error: extract_speaker can't locate RM id (ks615xx0)
Error: extract_speaker can't locate RM id (ksh02xx0)
Error: extract_speaker can't locate RM id (ksh44xx0)
Error: extract_speaker can't locate RM id (ksh3pxx0)
Error: extract_speaker can't locate RM id (ksh0bxx0)
Error: extract_speaker can't locate RM id (ksh03xx0)
Error: extract_speaker can't locate RM id (ks61exx0)
Error: extract_speaker can't locate RM id (ks62zxx0)
Error: extract_speaker can't locate RM id (ks630xx0)
Error: extract_speaker can't locate RM id (ks60oxx0)
Error: extract_speaker can't locate RM id (ksh3txx0)
Error: extract_speaker can't locate RM id (ks638xx0)
Error: extract_speaker can't locate RM id (ks61mxx0)
Error: extract_speaker can't locate RM id (ksh0lxx0)
Error: extract_speaker can't locate RM id (ksh17xx0)
Error: extract_speaker can't locate RM id (ksh0rxx0)
Error: extract_speaker can't locate RM id (ksh3rxx0)
Error: extract_speaker can't locate RM id (ks61axx0)
Error: extract_speaker can't locate RM id (ksh3mxx0)
Error: extract_speaker can't locate RM id (ksh1dxx0)
Error: extract_speaker can't locate RM id (ksh46xx0)
Error: extract_speaker can't locate RM id (ks614xx0)
Error: extract_speaker can't locate RM id (ks605xx0)
Error: extract_speaker can't locate RM id (ks63gxx0)
Error: extract_speaker can't locate RM id (ks639xx0)
Error: extract_speaker can't locate RM id (ksh3wxx0)
Error: extract_speaker can't locate RM id (ks62xxx0)
Error: extract_speaker can't locate RM id (ks618xx0)
Error: extract_speaker can't locate RM id (ks634xx0)
Error: extract_speaker can't locate RM id (ksh12xx0)
Error: extract_speaker can't locate RM id (ks63ixx0)
Error: extract_speaker can't locate RM id (ks60dxx0)
Error: extract_speaker can't locate RM id (ksh48xx0)
Error: extract_speaker can't locate RM id (ks62wxx0)
Error: extract_speaker can't locate RM id (ksh1jxx0)
Error: extract_speaker can't locate RM id (ksh3xxx0)
Error: extract_speaker can't locate RM id (ks61gxx0)
Error: extract_speaker can't locate RM id (ks607xx0)
Error: extract_speaker can't locate RM id (ks600xx0)
Error: extract_speaker can't locate RM id (ks60xxx0)
Error: extract_speaker can't locate RM id (ks632xx0)
Error: extract_speaker can't locate RM id (ksh3sxx0)
Error: extract_speaker can't locate RM id (ks60sxx0)
Error: extract_speaker can't locate RM id (ks63hxx0)
Error: extract_speaker can't locate RM id (ksh04xx0)
Error: extract_speaker can't locate RM id (ksh3vxx0)
Error: extract_speaker can't locate RM id (ks606xx0)
Error: extract_speaker can't locate RM id (ksh1hxx0)
Error: extract_speaker can't locate RM id (ksh47xx0)
Error: extract_speaker can't locate RM id (ksh10xx0)
Error: extract_speaker can't locate RM id (ks63cxx0)
Error: extract_speaker can't locate RM id (ksh19xx0)
Error: extract_speaker can't locate RM id (ksh3oxx0)
Error: extract_speaker can't locate RM id (ksh0nxx0)
Error: extract_speaker can't locate RM id (ksh0jxx0)
Error: extract_speaker can't locate RM id (ksh3nxx0)
Error: extract_speaker can't locate RM id (ks616xx0)
Error: extract_speaker can't locate RM id (ks62sxx0)
Error: extract_speaker can't locate RM id (ks62txx0)
Error: extract_speaker can't locate RM id (ks60pxx0)
Error: extract_speaker can't locate RM id (ksh1cxx0)
Error: extract_speaker can't locate RM id (ks636xx0)
Error: extract_speaker can't locate RM id (ks61ixx0)
Error: extract_speaker can't locate RM id (ks633xx0)
Error: extract_speaker can't locate RM id (ksh49xx0)
Error: extract_speaker can't locate RM id (ksh3yxx0)
Error: extract_speaker can't locate RM id (ksh40xx0)
Error: extract_speaker can't locate RM id (ks61lxx0)
Error: extract_speaker can't locate RM id (ks637xx0)
Error: extract_speaker can't locate RM id (ksh0cxx0)
Error: extract_speaker can't locate RM id (ksh08xx0)
Error: extract_speaker can't locate RM id (ksh13xx0)
Error: extract_speaker can't locate RM id (ks60hxx0)
Error: extract_speaker can't locate RM id (ksh3uxx0)
Error: extract_speaker can't locate RM id (ks60kxx0)
Error: extract_speaker can't locate RM id (ksh43xx0)
Error: extract_speaker can't locate RM id (ksh42xx0)
Error: extract_speaker can't locate RM id (ksh0txx0)
Error: extract_speaker can't locate RM id (ksh0ixx0)
Error: extract_speaker can't locate RM id (ks63fxx0)
Error: extract_speaker can't locate RM id (ksh1bxx0)
Error: extract_speaker can't locate RM id (ksh11xx0)
Error: extract_speaker can't locate RM id (ks60gxx0)
Error: extract_speaker can't locate RM id (ks60wxx0)
Error: extract_speaker can't locate RM id (ksh3jxx0)
Error: extract_speaker can't locate RM id (ks62vxx0)
Error: extract_speaker can't locate RM id (ksh0qxx0)
Error: extract_speaker can't locate RM id (ksh45xx0)
Error: extract_speaker can't locate RM id (ksh41xx0)
Error: extract_speaker can't locate RM id (ksh0zxx0)
Error: extract_speaker can't locate RM id (ks63axx0)
Error: extract_speaker can't locate RM id (ks62uxx0)
Error: extract_speaker can't locate RM id (ks609xx0)
Error: extract_speaker can't locate RM id (ks63exx0)
Error: extract_speaker can't locate RM id (ks60exx0)
Error: extract_speaker can't locate RM id (ks631xx0)
Error: extract_speaker can't locate RM id (ks60fxx0)
Error: extract_speaker can't locate RM id (ksb0cxx0)
Error: extract_speaker can't locate RM id (ks03yxx0)
Error: extract_speaker can't locate RM id (ksb0axx0)
Error: extract_speaker can't locate RM id (ksb30xx0)
Error: extract_speaker can't locate RM id (ksb0gxx0)
Error: extract_speaker can't locate RM id (ks03zxx0)
Error: extract_speaker can't locate RM id (ks00bxx0)
Error: extract_speaker can't locate RM id (ks00wxx0)
Error: extract_speaker can't locate RM id (ksb3xxx0)
Error: extract_speaker can't locate RM id (ks033xx0)
Error: extract_speaker can't locate RM id (ks00fxx0)
Error: extract_speaker can't locate RM id (ksb0vxx0)
Error: extract_speaker can't locate RM id (ksb0pxx0)
Error: extract_speaker can't locate RM id (ks03qxx0)
Error: extract_speaker can't locate RM id (ks011xx0)
Error: extract_speaker can't locate RM id (ksb0nxx0)
Error: extract_speaker can't locate RM id (ksb3wxx0)
Error: extract_speaker can't locate RM id (ksb3pxx0)
Error: extract_speaker can't locate RM id (ks00qxx0)
Error: extract_speaker can't locate RM id (ksb0ixx0)
Error: extract_speaker can't locate RM id (ksb0xxx0)
Error: extract_speaker can't locate RM id (ks03bxx0)
Error: extract_speaker can't locate RM id (ks038xx0)
Error: extract_speaker can't locate RM id (ksb3jxx0)
Error: extract_speaker can't locate RM id (ksb13xx0)
Error: extract_speaker can't locate RM id (ksb3rxx0)
Error: extract_speaker can't locate RM id (ksb2wxx0)
Error: extract_speaker can't locate RM id (ks00yxx0)
Error: extract_speaker can't locate RM id (ks012xx0)
Error: extract_speaker can't locate RM id (ks03txx0)
Error: extract_speaker can't locate RM id (ksb0uxx0)
Error: extract_speaker can't locate RM id (ksb09xx0)
Error: extract_speaker can't locate RM id (ks00txx0)
Error: extract_speaker can't locate RM id (ksb3uxx0)
Error: extract_speaker can't locate RM id (ksb2xxx0)
Error: extract_speaker can't locate RM id (ksb3sxx0)
Error: extract_speaker can't locate RM id (ks006xx0)
Error: extract_speaker can't locate RM id (ksb2uxx0)
Error: extract_speaker can't locate RM id (ksb0hxx0)
Error: extract_speaker can't locate RM id (ks03lxx0)
Error: extract_speaker can't locate RM id (ks02vxx0)
Error: extract_speaker can't locate RM id (ksb15xx0)
Error: extract_speaker can't locate RM id (ks016xx0)
Error: extract_speaker can't locate RM id (ks036xx0)
Error: extract_speaker can't locate RM id (ksb17xx0)
Error: extract_speaker can't locate RM id (ks02txx0)
Error: extract_speaker can't locate RM id (ksb3mxx0)
Error: extract_speaker can't locate RM id (ks018xx0)
Error: extract_speaker can't locate RM id (ksb05xx0)
Error: extract_speaker can't locate RM id (ksb35xx0)
Error: extract_speaker can't locate RM id (ks02sxx0)
Error: extract_speaker can't locate RM id (ks02yxx0)
Error: extract_speaker can't locate RM id (ksb3exx0)
Error: extract_speaker can't locate RM id (ks001xx0)
Error: extract_speaker can't locate RM id (ksb0sxx0)
Error: extract_speaker can't locate RM id (ksb3fxx0)
Error: extract_speaker can't locate RM id (ksb02xx0)
Error: extract_speaker can't locate RM id (ks03gxx0)
Error: extract_speaker can't locate RM id (ks037xx0)
Error: extract_speaker can't locate RM id (ksb2zxx0)
Error: extract_speaker can't locate RM id (ks03vxx0)
Error: extract_speaker can't locate RM id (ks00exx0)
Error: extract_speaker can't locate RM id (ks03dxx0)
Error: extract_speaker can't locate RM id (ks00dxx0)
Error: extract_speaker can't locate RM id (ksb34xx0)
Error: extract_speaker can't locate RM id (ksb3nxx0)
Error: extract_speaker can't locate RM id (ksb07xx0)
Error: extract_speaker can't locate RM id (ksb0lxx0)
Error: extract_speaker can't locate RM id (ksb0oxx0)
Error: extract_speaker can't locate RM id (ksb0kxx0)
Error: extract_speaker can't locate RM id (ks008xx0)
Error: extract_speaker can't locate RM id (ks03axx0)
Error: extract_speaker can't locate RM id (ksb14xx0)
Error: extract_speaker can't locate RM id (ksb3oxx0)
Error: extract_speaker can't locate RM id (ksb32xx0)
Error: extract_speaker can't locate RM id (ks031xx0)
Error: extract_speaker can't locate RM id (ksb0mxx0)
Error: extract_speaker can't locate RM id (ks010xx0)
Error: extract_speaker can't locate RM id (ks03cxx0)
Error: extract_speaker can't locate RM id (ksb0jxx0)
Error: extract_speaker can't locate RM id (ksb0zxx0)
Error: extract_speaker can't locate RM id (ksb3ixx0)
Error: extract_speaker can't locate RM id (ks003xx0)
Error: extract_speaker can't locate RM id (ks039xx0)
Error: extract_speaker can't locate RM id (ks000xx0)
Error: extract_speaker can't locate RM id (ksb3hxx0)
Error: extract_speaker can't locate RM id (ksb04xx0)
Error: extract_speaker can't locate RM id (ks40exx0)
Error: extract_speaker can't locate RM id (ksf0ixx0)
Error: extract_speaker can't locate RM id (ksf13xx0)
Error: extract_speaker can't locate RM id (ks43zxx0)
Error: extract_speaker can't locate RM id (ksf3txx0)
Error: extract_speaker can't locate RM id (ks43lxx0)
Error: extract_speaker can't locate RM id (ksf2wxx0)
Error: extract_speaker can't locate RM id (ksf3ixx0)
Error: extract_speaker can't locate RM id (ksf0wxx0)
Error: extract_speaker can't locate RM id (ksf2zxx0)
Error: extract_speaker can't locate RM id (ks414xx0)
Error: extract_speaker can't locate RM id (ksf03xx0)
Error: extract_speaker can't locate RM id (ks40qxx0)
Error: extract_speaker can't locate RM id (ks40yxx0)
Error: extract_speaker can't locate RM id (ks43hxx0)
Error: extract_speaker can't locate RM id (ks400xx0)
Error: extract_speaker can't locate RM id (ksf3bxx0)
Error: extract_speaker can't locate RM id (ks43kxx0)
Error: extract_speaker can't locate RM id (ks437xx0)
Error: extract_speaker can't locate RM id (ks40gxx0)
Error: extract_speaker can't locate RM id (ksf2uxx0)
Error: extract_speaker can't locate RM id (ks406xx0)
Error: extract_speaker can't locate RM id (ks40hxx0)
Error: extract_speaker can't locate RM id (ks411xx0)
Error: extract_speaker can't locate RM id (ks43uxx0)
Error: extract_speaker can't locate RM id (ksf0xxx0)
Error: extract_speaker can't locate RM id (ksf18xx0)
Error: extract_speaker can't locate RM id (ks42sxx0)
Error: extract_speaker can't locate RM id (ks434xx0)
Error: extract_speaker can't locate RM id (ksf0nxx0)
Error: extract_speaker can't locate RM id (ksf39xx0)
Error: extract_speaker can't locate RM id (ksf08xx0)
Error: extract_speaker can't locate RM id (ksf3vxx0)
Error: extract_speaker can't locate RM id (ksf2txx0)
Error: extract_speaker can't locate RM id (ks43rxx0)
Error: extract_speaker can't locate RM id (ks442xx0)
Error: extract_speaker can't locate RM id (ks40mxx0)
Error: extract_speaker can't locate RM id (ks42vxx0)
Error: extract_speaker can't locate RM id (ksf3nxx0)
Error: extract_speaker can't locate RM id (ksf0uxx0)
Error: extract_speaker can't locate RM id (ksf2xxx0)
Error: extract_speaker can't locate RM id (ksf0cxx0)
Error: extract_speaker can't locate RM id (ks40vxx0)
Error: extract_speaker can't locate RM id (ksf0bxx0)
Error: extract_speaker can't locate RM id (ks43qxx0)
Error: extract_speaker can't locate RM id (ks40fxx0)
Error: extract_speaker can't locate RM id (ksf01xx0)
Error: extract_speaker can't locate RM id (ks409xx0)
Error: extract_speaker can't locate RM id (ks415xx0)
Error: extract_speaker can't locate RM id (ksf3xxx0)
Error: extract_speaker can't locate RM id (ksf30xx0)
Error: extract_speaker can't locate RM id (ks43gxx0)
Error: extract_speaker can't locate RM id (ksf3cxx0)
Error: extract_speaker can't locate RM id (ks435xx0)
Error: extract_speaker can't locate RM id (ks412xx0)
Error: extract_speaker can't locate RM id (ksf36xx0)
Error: extract_speaker can't locate RM id (ksf41xx0)
Error: extract_speaker can't locate RM id (ks43mxx0)
Error: extract_speaker can't locate RM id (ks40zxx0)
Error: extract_speaker can't locate RM id (ksf2yxx0)
Error: extract_speaker can't locate RM id (ks43exx0)
Error: extract_speaker can't locate RM id (ksf3oxx0)
Error: extract_speaker can't locate RM id (ksf0kxx0)
Error: extract_speaker can't locate RM id (ks40lxx0)
Error: extract_speaker can't locate RM id (ksf04xx0)
Error: extract_speaker can't locate RM id (ks405xx0)
Error: extract_speaker can't locate RM id (ksf0pxx0)
Error: extract_speaker can't locate RM id (ksf3jxx0)
Error: extract_speaker can't locate RM id (ks43yxx0)
Error: extract_speaker can't locate RM id (ksf0txx0)
Error: extract_speaker can't locate RM id (ks440xx0)
Error: extract_speaker can't locate RM id (ks402xx0)
Error: extract_speaker can't locate RM id (ksf0rxx0)
Error: extract_speaker can't locate RM id (ks431xx0)
Error: extract_speaker can't locate RM id (ksf17xx0)
Error: extract_speaker can't locate RM id (ksf3pxx0)
Error: extract_speaker can't locate RM id (ks432xx0)
Error: extract_speaker can't locate RM id (ksf33xx0)
Error: extract_speaker can't locate RM id (ksf38xx0)
Error: extract_speaker can't locate RM id (ks43dxx0)
Error: extract_speaker can't locate RM id (ksf16xx0)
Error: extract_speaker can't locate RM id (ks419xx0)
Error: extract_speaker can't locate RM id (ks43sxx0)
Error: extract_speaker can't locate RM id (ks40axx0)
Error: extract_speaker can't locate RM id (ksf07xx0)
Error: extract_speaker can't locate RM id (ks43fxx0)
Error: extract_speaker can't locate RM id (ks410xx0)
Error: extract_speaker can't locate RM id (ks40sxx0)
Error: extract_speaker can't locate RM id (ks40dxx0)
Error: extract_speaker can't locate RM id (ksf3wxx0)
Error: extract_speaker can't locate RM id (ksf3axx0)
Error: extract_speaker can't locate RM id (ks70fxx0)
Error: extract_speaker can't locate RM id (ksi0rxx0)
Error: extract_speaker can't locate RM id (ks70xxx0)
Error: extract_speaker can't locate RM id (ks737xx0)
Error: extract_speaker can't locate RM id (ks72yxx0)
Error: extract_speaker can't locate RM id (ksi3wxx0)
Error: extract_speaker can't locate RM id (ksi08xx0)
Error: extract_speaker can't locate RM id (ks719xx0)
Error: extract_speaker can't locate RM id (ks715xx0)
Error: extract_speaker can't locate RM id (ksi3pxx0)
Error: extract_speaker can't locate RM id (ks736xx0)
Error: extract_speaker can't locate RM id (ksi1cxx0)
Error: extract_speaker can't locate RM id (ksi3gxx0)
Error: extract_speaker can't locate RM id (ksi0mxx0)
Error: extract_speaker can't locate RM id (ksi3hxx0)
Error: extract_speaker can't locate RM id (ks732xx0)
Error: extract_speaker can't locate RM id (ks70vxx0)
Error: extract_speaker can't locate RM id (ksi3qxx0)
Error: extract_speaker can't locate RM id (ksi04xx0)
Error: extract_speaker can't locate RM id (ksi3zxx0)
Error: extract_speaker can't locate RM id (ksi1bxx0)
Error: extract_speaker can't locate RM id (ksi06xx0)
Error: extract_speaker can't locate RM id (ks712xx0)
Error: extract_speaker can't locate RM id (ks731xx0)
Error: extract_speaker can't locate RM id (ksi3jxx0)
Error: extract_speaker can't locate RM id (ks739xx0)
Error: extract_speaker can't locate RM id (ksi0bxx0)
Error: extract_speaker can't locate RM id (ksi0wxx0)
Error: extract_speaker can't locate RM id (ks70gxx0)
Error: extract_speaker can't locate RM id (ksi3ixx0)
Error: extract_speaker can't locate RM id (ks734xx0)
Error: extract_speaker can't locate RM id (ksi3rxx0)
Error: extract_speaker can't locate RM id (ks71axx0)
Error: extract_speaker can't locate RM id (ksi3sxx0)
Error: extract_speaker can't locate RM id (ks72txx0)
Error: extract_speaker can't locate RM id (ksi0uxx0)
Error: extract_speaker can't locate RM id (ks717xx0)
Error: extract_speaker can't locate RM id (ksi1exx0)
Error: extract_speaker can't locate RM id (ks70hxx0)
Error: extract_speaker can't locate RM id (ksi3mxx0)
Error: extract_speaker can't locate RM id (ksi11xx0)
Error: extract_speaker can't locate RM id (ksi3dxx0)
Error: extract_speaker can't locate RM id (ksi40xx0)
Error: extract_speaker can't locate RM id (ks738xx0)
Error: extract_speaker can't locate RM id (ks70ixx0)
Error: extract_speaker can't locate RM id (ks733xx0)
Error: extract_speaker can't locate RM id (ksi0yxx0)
Error: extract_speaker can't locate RM id (ks70axx0)
Error: extract_speaker can't locate RM id (ks730xx0)
Error: extract_speaker can't locate RM id (ksi3yxx0)
Error: extract_speaker can't locate RM id (ks70oxx0)
Error: extract_speaker can't locate RM id (ks72uxx0)
Error: extract_speaker can't locate RM id (ksi16xx0)
Error: extract_speaker can't locate RM id (ksi0lxx0)
Error: extract_speaker can't locate RM id (ksi3txx0)
Error: extract_speaker can't locate RM id (ks713xx0)
Error: extract_speaker can't locate RM id (ksi3lxx0)
Error: extract_speaker can't locate RM id (ksi0qxx0)
Error: extract_speaker can't locate RM id (ks72wxx0)
Error: extract_speaker can't locate RM id (ks735xx0)
Error: extract_speaker can't locate RM id (ksi05xx0)
Error: extract_speaker can't locate RM id (ksi18xx0)
Error: extract_speaker can't locate RM id (ksi3vxx0)
Error: extract_speaker can't locate RM id (ksi03xx0)
Error: extract_speaker can't locate RM id (ksi0jxx0)
Error: extract_speaker can't locate RM id (ksi3oxx0)
Error: extract_speaker can't locate RM id (ks72zxx0)
Error: extract_speaker can't locate RM id (ksi3fxx0)
Error: extract_speaker can't locate RM id (ksi3kxx0)
Error: extract_speaker can't locate RM id (ks73bxx0)
Error: extract_speaker can't locate RM id (ks707xx0)
Error: extract_speaker can't locate RM id (ksi42xx0)
Error: extract_speaker can't locate RM id (ks72sxx0)
Error: extract_speaker can't locate RM id (ks70dxx0)
Error: extract_speaker can't locate RM id (ks70cxx0)
Error: extract_speaker can't locate RM id (ks70zxx0)
Error: extract_speaker can't locate RM id (ks70txx0)
Error: extract_speaker can't locate RM id (ksi0sxx0)
Error: extract_speaker can't locate RM id (ks71dxx0)
Error: extract_speaker can't locate RM id (ksi41xx0)
Error: extract_speaker can't locate RM id (ks73axx0)
Error: extract_speaker can't locate RM id (ksi14xx0)
Error: extract_speaker can't locate RM id (ksi3uxx0)
Error: extract_speaker can't locate RM id (ks72xxx0)
Error: extract_speaker can't locate RM id (ksi3exx0)
Error: extract_speaker can't locate RM id (ks73cxx0)
Error: extract_speaker can't locate RM id (ks70kxx0)
Error: extract_speaker can't locate RM id (ksi3xxx0)
Error: extract_speaker can't locate RM id (ks709xx0)
Error: extract_speaker can't locate RM id (ks72vxx0)
Error: extract_speaker can't locate RM id (ksi3nxx0)
Error: extract_speaker can't locate RM id (ksi10xx0)
Error: extract_speaker can't locate RM id (ksi02xx0)
Error: extract_speaker can't locate RM id (ksi00xx0)
Error: extract_speaker can't locate RM id (ks70pxx0)
Error: extract_speaker can't locate RM id (ks70exx0)
./run_whisper.sh: line 93: 342453 Illegal instruction     sclite -r $resultdir/ref.txt -h $resultdir/hyp.txt -i rm -o all stdout > $resultdir/result.wrd.txt
